<?xml version="1.0" encoding="UTF-8"?>
<!-- Generated by org.testng.reporters.JUnitXMLReporter -->
<testsuite hostname="DESKTOP-2K99QJR" ignored="0" name="Default test" tests="3" failures="0" timestamp="2020-11-23T14:30:52 EET" time="47.609" errors="0">
  <testcase name="openSalesPage" time="24.723" classname="salesTests.OpenSalesPageTest"/>
  <testcase name="addProductToBill" time="2.613" classname="salesTests.OpenSalesPageTest"/>
  <testcase name="assertProductDetailsTrue" time="6.651" classname="salesTests.OpenSalesPageTest"/>
</testsuite> <!-- Default test -->
