<?xml version="1.0" encoding="UTF-8"?>
<!-- Generated by org.testng.reporters.JUnitXMLReporter -->
<testsuite hostname="DESKTOP-2K99QJR" ignored="0" name="Default test" tests="3" failures="0" timestamp="2020-11-30T10:51:20 EET" time="33.415" errors="0">
  <testcase name="openSalesPage" time="10.066" classname="salesTests.OpenSalesPageTest"/>
  <testcase name="addProductToBill" time="3.509" classname="salesTests.OpenSalesPageTest"/>
  <testcase name="assertProductDetailsTrue" time="10.585" classname="salesTests.OpenSalesPageTest"/>
</testsuite> <!-- Default test -->
