<?xml version="1.0" encoding="UTF-8"?>
<testng-results skipped="0" failed="0" ignored="0" total="2" passed="2">
  <reporter-output>
  </reporter-output>
  <suite name="Default suite" duration-ms="17293" started-at="2020-11-21T16:00:49 EET" finished-at="2020-11-21T16:01:07 EET">
    <groups>
    </groups>
    <test name="Default test" duration-ms="17293" started-at="2020-11-21T16:00:49 EET" finished-at="2020-11-21T16:01:07 EET">
      <class name="salesTests.OpenSalesPageTest">
        <test-method status="PASS" signature="OpenAlbadrAlbadr()[pri:0, instance:salesTests.OpenSalesPageTest@2a17b7b6]" name="OpenAlbadrAlbadr" is-config="true" duration-ms="9944" started-at="2020-11-21T16:00:49 EET" finished-at="2020-11-21T16:00:59 EET">
          <reporter-output>
          </reporter-output>
        </test-method> <!-- OpenAlbadrAlbadr -->
        <test-method status="PASS" signature="openSalesPage()[pri:0, instance:salesTests.OpenSalesPageTest@2a17b7b6]" name="openSalesPage" duration-ms="7212" started-at="2020-11-21T16:00:59 EET" finished-at="2020-11-21T16:01:07 EET">
          <reporter-output>
          </reporter-output>
        </test-method> <!-- openSalesPage -->
        <test-method status="PASS" signature="paas()[pri:0, instance:salesTests.OpenSalesPageTest@2a17b7b6]" name="paas" duration-ms="106" started-at="2020-11-21T16:01:07 EET" finished-at="2020-11-21T16:01:07 EET">
          <reporter-output>
          </reporter-output>
        </test-method> <!-- paas -->
      </class> <!-- salesTests.OpenSalesPageTest -->
    </test> <!-- Default test -->
  </suite> <!-- Default suite -->
</testng-results>
